<?xml version="1.0" encoding="UTF-8"?>
<!-- Generated by org.testng.reporters.JUnitReportReporter -->
<testsuite hostname="DESKTOP-QK2FL40" failures="0" tests="4" name="com.crowdar.bdd.cukes.TestNGSecuencialRunner" time="18.551" errors="1" timestamp="21 oct 2023 01:14:55 GMT" skipped="0">
  <testcase classname="com.crowdar.bdd.cukes.TestNGSecuencialRunner" name="runScenario" time="5.024"/>
  <testcase classname="com.crowdar.bdd.cukes.TestNGSecuencialRunner" name="runScenario" time="1.747">
    <error message="the client is not on google page" type="java.lang.RuntimeException">
      <![CDATA[java.lang.RuntimeException: the client is not on google page
at lippia.web.steps.GoogleSearchSteps.isNotHome(GoogleSearchSteps.java:18)
at ✽.The client isn't on google page(file:src/test/resources/web/features/googleSearch.feature:23)
]]>
    </error>
  </testcase> <!-- runScenario -->
  <testcase classname="com.crowdar.bdd.cukes.TestNGSecuencialRunner" name="runScenario" time="5.863"/>
  <testcase classname="com.crowdar.bdd.cukes.TestNGSecuencialRunner" name="runScenario" time="5.917"/>
</testsuite> <!-- com.crowdar.bdd.cukes.TestNGSecuencialRunner -->
