<?xml version="1.0" encoding="UTF-8"?>
<!-- Generated by org.testng.reporters.JUnitXMLReporter -->
<testsuite ignored="0" hostname="DESKTOP-QK2FL40" failures="1" tests="4" name="TestNg Secuencial runner Tests" time="19.319" errors="0" timestamp="21 oct 2023 01:14:55 GMT">
  <testcase classname="cucumber.api.testng.AbstractTestNGCucumberTests" name="runScenario" time="5.917"/>
  <testcase classname="cucumber.api.testng.AbstractTestNGCucumberTests" name="runScenario" time="5.863"/>
  <testcase classname="cucumber.api.testng.AbstractTestNGCucumberTests" name="runScenario" time="5.024"/>
  <testcase classname="cucumber.api.testng.AbstractTestNGCucumberTests" name="runScenario" time="1.747">
    <failure type="java.lang.RuntimeException" message="the client is not on google page">
      <![CDATA[java.lang.RuntimeException: the client is not on google page
at lippia.web.steps.GoogleSearchSteps.isNotHome(GoogleSearchSteps.java:18)
at ✽.The client isn't on google page(file:src/test/resources/web/features/googleSearch.feature:23)
]]>
    </failure>
  </testcase> <!-- runScenario -->
</testsuite> <!-- TestNg Secuencial runner Tests -->
